# JRE version: OpenJDK Runtime Environment (17.0.7) (build 17.0.7+0-b2043.56-10550314)
# Java VM: OpenJDK 64-Bit Server VM (17.0.7+0-b2043.56-10550314, mixed mode, tiered, compressed oops, compressed class ptrs, g1 gc, windows-amd64)
GC Precious Log:
 CPUs: 4 total, 4 available
 Memory: 16335M
 Large Page Support: Disabled
 NUMA Support: Disabled
 Compressed Oops: Enabled (32-bit)
 Heap Region Size: 1M
 Heap Min Capacity: 8M
 Heap Initial Capacity: 256M
 Heap Max Capacity: 2G
 Pre-touch: Disabled
 Parallel Workers: 4
 Concurrent Workers: 1
 Concurrent Refinement Workers: 4
 Periodic GC: Disabled
Heap:
 garbage-first heap   total 262144K, used 135534K [0x0000000080000000, 0x0000000100000000)
  region size 1024K, 2 young (2048K), 2 survivors (2048K)
 Metaspace       used 106358K, committed 107200K, reserved 1179648K
  class space    used 14254K, committed 14656K, reserved 1048576K
GC Heap History (20 events):
Event: 11.685 GC heap after
{Heap after GC invocations=28 (full 0):
 garbage-first heap   total 192512K, used 99813K [0x0000000080000000, 0x0000000100000000)
  region size 1024K, 7 young (7168K), 7 survivors (7168K)
 Metaspace       used 94297K, committed 94976K, reserved 1179648K
  class space    used 12907K, committed 13248K, reserved 1048576K
}
Event: 12.173 GC heap before
{Heap before GC invocations=28 (full 0):
 garbage-first heap   total 192512K, used 152037K [0x0000000080000000, 0x0000000100000000)
  region size 1024K, 59 young (60416K), 7 survivors (7168K)
 Metaspace       used 94710K, committed 95360K, reserved 1179648K
  class space    used 12923K, committed 13248K, reserved 1048576K
}
Event: 12.181 GC heap after
{Heap after GC invocations=29 (full 0):
 garbage-first heap   total 231424K, used 103535K [0x0000000080000000, 0x0000000100000000)
  region size 1024K, 7 young (7168K), 7 survivors (7168K)
 Metaspace       used 94710K, committed 95360K, reserved 1179648K
  class space    used 12923K, committed 13248K, reserved 1048576K
}
Event: 12.938 GC heap before
{Heap before GC invocations=30 (full 0):
 garbage-first heap   total 231424K, used 180335K [0x0000000080000000, 0x0000000100000000)
  region size 1024K, 84 young (86016K), 7 survivors (7168K)
 Metaspace       used 94918K, committed 95552K, reserved 1179648K
  class space    used 12953K, committed 13248K, reserved 1048576K
}
Event: 12.948 GC heap after
{Heap after GC invocations=31 (full 0):
 garbage-first heap   total 231424K, used 106843K [0x0000000080000000, 0x0000000100000000)
  region size 1024K, 7 young (7168K), 7 survivors (7168K)
 Metaspace       used 94918K, committed 95552K, reserved 1179648K
  class space    used 12953K, committed 13248K, reserved 1048576K
}
Event: 12.990 GC heap before
{Heap before GC invocations=31 (full 0):
 garbage-first heap   total 231424K, used 110939K [0x0000000080000000, 0x0000000100000000)
  region size 1024K, 11 young (11264K), 7 survivors (7168K)
 Metaspace       used 94934K, committed 95552K, reserved 1179648K
  class space    used 12953K, committed 13248K, reserved 1048576K
}
Event: 12.998 GC heap after
{Heap after GC invocations=32 (full 0):
 garbage-first heap   total 231424K, used 106413K [0x0000000080000000, 0x0000000100000000)
  region size 1024K, 1 young (1024K), 1 survivors (1024K)
 Metaspace       used 94934K, committed 95552K, reserved 1179648K
  class space    used 12953K, committed 13248K, reserved 1048576K
}
Event: 30.458 GC heap before
{Heap before GC invocations=32 (full 0):
 garbage-first heap   total 231424K, used 184237K [0x0000000080000000, 0x0000000100000000)
  region size 1024K, 78 young (79872K), 1 survivors (1024K)
 Metaspace       used 96345K, committed 97024K, reserved 1179648K
  class space    used 13075K, committed 13440K, reserved 1048576K
}
Event: 30.469 GC heap after
{Heap after GC invocations=33 (full 0):
 garbage-first heap   total 231424K, used 115352K [0x0000000080000000, 0x0000000100000000)
  region size 1024K, 10 young (10240K), 10 survivors (10240K)
 Metaspace       used 96345K, committed 97024K, reserved 1179648K
  class space    used 13075K, committed 13440K, reserved 1048576K
}
Event: 93.808 GC heap before
{Heap before GC invocations=34 (full 0):
 garbage-first heap   total 231424K, used 210584K [0x0000000080000000, 0x0000000100000000)
  region size 1024K, 67 young (68608K), 10 survivors (10240K)
 Metaspace       used 100520K, committed 101312K, reserved 1179648K
  class space    used 13571K, committed 13952K, reserved 1048576K
}
Event: 93.822 GC heap after
{Heap after GC invocations=35 (full 0):
 garbage-first heap   total 231424K, used 120832K [0x0000000080000000, 0x0000000100000000)
  region size 1024K, 6 young (6144K), 6 survivors (6144K)
 Metaspace       used 100520K, committed 101312K, reserved 1179648K
  class space    used 13571K, committed 13952K, reserved 1048576K
}
Event: 93.863 GC heap before
{Heap before GC invocations=35 (full 0):
 garbage-first heap   total 231424K, used 125952K [0x0000000080000000, 0x0000000100000000)
  region size 1024K, 11 young (11264K), 6 survivors (6144K)
 Metaspace       used 100525K, committed 101312K, reserved 1179648K
  class space    used 13571K, committed 13952K, reserved 1048576K
}
Event: 93.871 GC heap after
{Heap after GC invocations=36 (full 0):
 garbage-first heap   total 231424K, used 121442K [0x0000000080000000, 0x0000000100000000)
  region size 1024K, 2 young (2048K), 2 survivors (2048K)
 Metaspace       used 100525K, committed 101312K, reserved 1179648K
  class space    used 13571K, committed 13952K, reserved 1048576K
}
Event: 94.722 GC heap before
{Heap before GC invocations=36 (full 0):
 garbage-first heap   total 231424K, used 182882K [0x0000000080000000, 0x0000000100000000)
  region size 1024K, 64 young (65536K), 2 survivors (2048K)
 Metaspace       used 100982K, committed 101760K, reserved 1179648K
  class space    used 13592K, committed 13952K, reserved 1048576K
}
Event: 94.733 GC heap after
{Heap after GC invocations=37 (full 0):
 garbage-first heap   total 231424K, used 130029K [0x0000000080000000, 0x0000000100000000)
  region size 1024K, 9 young (9216K), 9 survivors (9216K)
 Metaspace       used 100982K, committed 101760K, reserved 1179648K
  class space    used 13592K, committed 13952K, reserved 1048576K
}
Event: 121.917 GC heap before
{Heap before GC invocations=38 (full 0):
 garbage-first heap   total 247808K, used 227309K [0x0000000080000000, 0x0000000100000000)
  region size 1024K, 65 young (66560K), 9 survivors (9216K)
 Metaspace       used 104607K, committed 105408K, reserved 1179648K
  class space    used 14037K, committed 14400K, reserved 1048576K
}
Event: 121.927 GC heap after
{Heap after GC invocations=39 (full 0):
 garbage-first heap   total 247808K, used 139351K [0x0000000080000000, 0x0000000100000000)
  region size 1024K, 7 young (7168K), 7 survivors (7168K)
 Metaspace       used 104607K, committed 105408K, reserved 1179648K
  class space    used 14037K, committed 14400K, reserved 1048576K
}
Event: 121.989 GC heap before
{Heap before GC invocations=39 (full 0):
 garbage-first heap   total 247808K, used 144471K [0x0000000080000000, 0x0000000100000000)
  region size 1024K, 12 young (12288K), 7 survivors (7168K)
 Metaspace       used 105758K, committed 106624K, reserved 1179648K
  class space    used 14170K, committed 14592K, reserved 1048576K
}
Event: 121.995 GC heap after
{Heap after GC invocations=40 (full 0):
 garbage-first heap   total 247808K, used 135127K [0x0000000080000000, 0x0000000100000000)
  region size 1024K, 1 young (1024K), 1 survivors (1024K)
 Metaspace       used 105758K, committed 106624K, reserved 1179648K
  class space    used 14170K, committed 14592K, reserved 1048576K
}
Event: 122.060 GC heap before
{Heap before GC invocations=40 (full 0):
 garbage-first heap   total 247808K, used 143319K [0x0000000080000000, 0x0000000100000000)
  region size 1024K, 10 young (10240K), 1 survivors (1024K)
 Metaspace       used 106358K, committed 107200K, reserved 1179648K
  class space    used 14254K, committed 14656K, reserved 1048576K
}

